<?xml version="1.0" encoding="UTF-8"?>
<testsuite xmlns:xsi="http://www.w3.org/2001/XMLSchema-instance" xsi:schemaLocation="https://maven.apache.org/surefire/maven-surefire-plugin/xsd/surefire-test-report.xsd" name="io.github.primepotato.jandas.column.DateColumnTest" time="0.005" tests="15" errors="0" skipped="0" failures="0">
  <properties>
    <property name="idea.version" value="2018.3"/>
    <property name="java.runtime.name" value="Java(TM) SE Runtime Environment"/>
    <property name="java.vm.version" value="11.0.1+13-LTS"/>
    <property name="sun.boot.library.path" value="C:\Program Files\Java\jdk-11.0.1\bin"/>
    <property name="maven.multiModuleProjectDirectory" value="D:\LiveProjects\jandas"/>
    <property name="java.vm.vendor" value="Oracle Corporation"/>
    <property name="java.vendor.url" value="http://java.oracle.com/"/>
    <property name="guice.disable.misplaced.annotation.check" value="true"/>
    <property name="path.separator" value=";"/>
    <property name="java.vm.name" value="Java HotSpot(TM) 64-Bit Server VM"/>
    <property name="sun.os.patch.level" value="Service Pack 1"/>
    <property name="user.script" value=""/>
    <property name="user.country" value="GB"/>
    <property name="sun.java.launcher" value="SUN_STANDARD"/>
    <property name="java.vm.specification.name" value="Java Virtual Machine Specification"/>
    <property name="user.dir" value="D:\LiveProjects\jandas"/>
    <property name="java.vm.compressedOopsMode" value="Zero based"/>
    <property name="java.runtime.version" value="11.0.1+13-LTS"/>
    <property name="java.awt.graphicsenv" value="sun.awt.Win32GraphicsEnvironment"/>
    <property name="os.arch" value="amd64"/>
    <property name="java.io.tmpdir" value="C:\Users\ROBERT~1.COO\AppData\Local\Temp\"/>
    <property name="line.separator" value="&#10;"/>
    <property name="java.vm.specification.vendor" value="Oracle Corporation"/>
    <property name="user.variant" value=""/>
    <property name="os.name" value="Windows 7"/>
    <property name="classworlds.conf" value="D:\apps\JetBrains\IntelliJ IDEA 2018.3\plugins\maven\lib\maven3\bin\m2.conf"/>
    <property name="sun.jnu.encoding" value="Cp1252"/>
    <property name="java.library.path" value="C:\Program Files\Java\jdk-11.0.1\bin;C:\windows\Sun\Java\bin;C:\windows\system32;C:\windows;C:\Program Files (x86)\Common Files\Oracle\Java\javapath;D:\app\Robert.Cooper\product\12.1.0\client_1;D:\app\Robert.Cooper\product\12.1.0\client_1\bin;C:\Program Files\Java\jdk1.8.0_131\bin\bin;C:\ProgramData\Oracle\Java\javapath;D:\Program Files (x86)\IBM\RationalSDLC\common;C:\windows\system32;C:\windows;C:\windows\System32\Wbem;C:\windows\System32\WindowsPowerShell\v1.0\;C:\Program Files (x86)\WinSCP\;C:\Program Files (x86)\WinMerge;D:\Program Files (x86)\IBM\RationalSDLC\ClearCase\bin;C:\Program Files (x86)\Rational\common;C:\Program Files (x86)\IBM\gsk8\lib;C:\Program Files (x86)\IBM\gsk8\bin;d:\Program Files (x86)\WinSCP\;C:\Program Files (x86)\Java\jre1.8.0_121\bin;C:\Program Files\Common Files\ThinPrint\;C:\Program Files\nodejs\;C:\Program Files (x86)\Windows Kits\8.1\Windows Performance Toolkit\;C:\Program Files (x86)\Gpg4win\..\GnuPG\bin;D:\apps\conda;D:\apps\conda\Scripts;D:\apps\conda\Library\bin;D:\apps\oracle\instantclient_12_2;D:\apps\conda\Library\mingw-w64\bin;D:\apps\conda\Library\usr\bin;D:\apps\Java\jre1.8.0_112_x64\bin;C:\ProgramData\Oracle\Java\javapath;D:\Program Files (x86)\IBM\RationalSDLC\common;C:\windows\system32;C:\windows;C:\windows\System32\Wbem;C:\windows\System32\WindowsPowerShell\v1.0\;C:\Program Files (x86)\WinSCP\;C:\Program Files (x86)\WinMerge;D:\Program Files (x86)\IBM\RationalSDLC\ClearCase\bin;C:\Program Files (x86)\Rational\common;C:\Program Files (x86)\IBM\gsk8\lib;C:\Program Files (x86)\IBM\gsk8\bin;d:\Program Files (x86)\WinSCP\;C:\Program Files\Common Files\ThinPrint\;C:\Program Files (x86)\Java\jre1.8.0_121\bin;C:\Users\robert.cooper\AppData\Roaming\npm;C:\Users\robert.cooper\AppData\Local\Pandoc\;C:\Program Files\Microsoft VS Code\bin;D:\apps\MikTex\miktex\bin\x64\;D:\apps\protoc-3.5.0-win32\bin;D:\apps\instantclient-basic-windows.x64-12.2.0.1.0\instantclient_12_2;D:\apps\MinGW\mingw64\bin;D:\apps\apache-maven-3.5.3\bin;D:\apps\Git\bin;D:\apps\Ruby\bin;D:\apps\cygwin64\bin;C:\Program Files (x86)\Common Files\Oracle\Java\javapath;D:\app\Robert.Cooper\product\12.1.0\client_1;D:\app\Robert.Cooper\product\12.1.0\client_1\bin;C:\Program Files\Java\jdk1.8.0_131\bin\bin;C:\ProgramData\Oracle\Java\javapath;D:\Program Files (x86)\IBM\RationalSDLC\common;C:\windows\system32;C:\windows;C:\windows\System32\Wbem;C:\windows\System32\WindowsPowerShell\v1.0\;C:\Program Files (x86)\WinSCP\;C:\Program Files (x86)\WinMerge;D:\Program Files (x86)\IBM\RationalSDLC\ClearCase\bin;C:\Program Files (x86)\Rational\common;C:\Program Files (x86)\IBM\gsk8\lib;C:\Program Files (x86)\IBM\gsk8\bin;d:\Program Files (x86)\WinSCP\;C:\Program Files (x86)\Java\jre1.8.0_121\bin;C:\Program Files\Common Files\ThinPrint\;C:\Program Files\nodejs\;C:\Program Files (x86)\Windows Kits\8.1\Windows Performance Toolkit\;C:\Program Files (x86)\Gpg4win\..\GnuPG\bin;D:\apps\conda;D:\apps\conda\Scripts;D:\apps\conda\Library\bin;D:\apps\oracle\instantclient_12_2;D:\apps\conda\Library\mingw-w64\bin;D:\apps\conda\Library\usr\bin;D:\apps\Java\jre1.8.0_112_x64\bin;C:\ProgramData\Oracle\Java\javapath;D:\Program Files (x86)\IBM\RationalSDLC\common;C:\windows\system32;C:\windows;C:\windows\System32\Wbem;C:\windows\System32\WindowsPowerShell\v1.0\;C:\Program Files (x86)\WinSCP\;C:\Program Files (x86)\WinMerge;D:\Program Files (x86)\IBM\RationalSDLC\ClearCase\bin;C:\Program Files (x86)\Rational\common;C:\Program Files (x86)\IBM\gsk8\lib;C:\Program Files (x86)\IBM\gsk8\bin;d:\Program Files (x86)\WinSCP\;C:\Program Files\Common Files\ThinPrint\;C:\Program Files (x86)\Java\jre1.8.0_121\bin;C:\Users\robert.cooper\AppData\Roaming\npm;C:\Users\robert.cooper\AppData\Local\Pandoc\;C:\Program Files\Microsoft VS Code\bin;D:\apps\MikTex\miktex\bin\x64\;D:\apps\protoc-3.5.0-win32\bin;D:\apps\instantclient-basic-windows.x64-12.2.0.1.0\instantclient_12_2;D:\apps\MinGW\mingw64\bin;D:\apps\apache-maven-3.5.3\bin;D:\apps\Git\bin;;."/>
    <property name="jdk.debug" value="release"/>
    <property name="java.class.version" value="55.0"/>
    <property name="java.specification.name" value="Java Platform API Specification"/>
    <property name="sun.management.compiler" value="HotSpot 64-Bit Tiered Compilers"/>
    <property name="os.version" value="6.1"/>
    <property name="user.home" value="C:\Users\robert.cooper"/>
    <property name="user.timezone" value="Europe/London"/>
    <property name="java.awt.printerjob" value="sun.awt.windows.WPrinterJob"/>
    <property name="file.encoding" value="UTF-8"/>
    <property name="java.specification.version" value="11"/>
    <property name="user.name" value="Robert.Cooper"/>
    <property name="java.class.path" value="D:\apps\JetBrains\IntelliJ IDEA 2018.3\plugins\maven\lib\maven3\boot\plexus-classworlds-2.5.2.jar"/>
    <property name="java.vm.specification.version" value="11"/>
    <property name="sun.arch.data.model" value="64"/>
    <property name="sun.java.command" value="org.codehaus.classworlds.Launcher -Didea.version=2018.3 clean install"/>
    <property name="java.home" value="C:\Program Files\Java\jdk-11.0.1"/>
    <property name="user.language" value="en"/>
    <property name="java.specification.vendor" value="Oracle Corporation"/>
    <property name="awt.toolkit" value="sun.awt.windows.WToolkit"/>
    <property name="java.vm.info" value="mixed mode"/>
    <property name="java.version" value="11.0.1"/>
    <property name="java.vendor" value="Oracle Corporation"/>
    <property name="maven.home" value="D:\apps\JetBrains\IntelliJ IDEA 2018.3\plugins\maven\lib\maven3"/>
    <property name="file.separator" value="\"/>
    <property name="java.version.date" value="2018-10-16"/>
    <property name="java.vendor.url.bug" value="http://bugreport.java.com/bugreport/"/>
    <property name="sun.io.unicode.encoding" value="UnicodeLittle"/>
    <property name="sun.cpu.endian" value="little"/>
    <property name="java.vendor.version" value="18.9"/>
    <property name="sun.desktop" value="windows"/>
    <property name="sun.cpu.isalist" value="amd64"/>
  </properties>
  <testcase name="append" classname="io.github.primepotato.jandas.column.DateColumnTest" time="0.001"/>
  <testcase name="subColumn" classname="io.github.primepotato.jandas.column.DateColumnTest" time="0.002"/>
  <testcase name="unique" classname="io.github.primepotato.jandas.column.DateColumnTest" time="0.001"/>
  <testcase name="append1" classname="io.github.primepotato.jandas.column.DateColumnTest" time="0"/>
  <testcase name="append2" classname="io.github.primepotato.jandas.column.DateColumnTest" time="0"/>
  <testcase name="getDate" classname="io.github.primepotato.jandas.column.DateColumnTest" time="0"/>
  <testcase name="getRows" classname="io.github.primepotato.jandas.column.DateColumnTest" time="0"/>
  <testcase name="size" classname="io.github.primepotato.jandas.column.DateColumnTest" time="0"/>
  <testcase name="newDataContainer" classname="io.github.primepotato.jandas.column.DateColumnTest" time="0"/>
  <testcase name="rebuildIndex" classname="io.github.primepotato.jandas.column.DateColumnTest" time="0"/>
  <testcase name="getObject" classname="io.github.primepotato.jandas.column.DateColumnTest" time="0"/>
  <testcase name="getString" classname="io.github.primepotato.jandas.column.DateColumnTest" time="0"/>
  <testcase name="rawData" classname="io.github.primepotato.jandas.column.DateColumnTest" time="0"/>
  <testcase name="appendString" classname="io.github.primepotato.jandas.column.DateColumnTest" time="0"/>
  <testcase name="appendAll" classname="io.github.primepotato.jandas.column.DateColumnTest" time="0"/>
</testsuite>